<?xml version="1.0" encoding="UTF-8"?>
<coverage generated="1669923200028" clover="3.2.0">
  <project timestamp="1669923200028" name="All files">
    <metrics statements="167" coveredstatements="167" conditionals="47" coveredconditionals="47" methods="43" coveredmethods="43" elements="257" coveredelements="257" complexity="0" loc="167" ncloc="167" packages="2" files="5" classes="5"/>
    <package name="src">
      <metrics statements="145" coveredstatements="145" conditionals="39" coveredconditionals="39" methods="33" coveredmethods="33"/>
      <file name="App.jsx" path="C:\Users\Gregory Santosa\Desktop\Fall2022HW\personal\cse186\Assignment8\frontend\src\App.jsx">
        <metrics statements="1" coveredstatements="1" conditionals="0" coveredconditionals="0" methods="1" coveredmethods="1"/>
        <line num="26" count="1" type="stmt"/>
      </file>
      <file name="Home.jsx" path="C:\Users\Gregory Santosa\Desktop\Fall2022HW\personal\cse186\Assignment8\frontend\src\Home.jsx">
        <metrics statements="123" coveredstatements="123" conditionals="37" coveredconditionals="37" methods="25" coveredmethods="25"/>
        <line num="43" count="2" type="stmt"/>
        <line num="45" count="2" type="stmt"/>
        <line num="46" count="32" type="stmt"/>
        <line num="47" count="32" type="cond" truecount="2" falsecount="0"/>
        <line num="48" count="2" type="stmt"/>
        <line num="50" count="30" type="stmt"/>
        <line num="51" count="30" type="stmt"/>
        <line num="52" count="30" type="stmt"/>
        <line num="60" count="30" type="cond" truecount="2" falsecount="0"/>
        <line num="61" count="28" type="stmt"/>
        <line num="63" count="2" type="stmt"/>
        <line num="66" count="2" type="stmt"/>
        <line num="67" count="2" type="stmt"/>
        <line num="68" count="2" type="stmt"/>
        <line num="71" count="28" type="stmt"/>
        <line num="72" count="28" type="stmt"/>
        <line num="73" count="28" type="stmt"/>
        <line num="74" count="28" type="stmt"/>
        <line num="83" count="41" type="stmt"/>
        <line num="84" count="41" type="stmt"/>
        <line num="85" count="41" type="cond" truecount="2" falsecount="0"/>
        <line num="86" count="41" type="stmt"/>
        <line num="88" count="41" type="stmt"/>
        <line num="89" count="41" type="stmt"/>
        <line num="91" count="41" type="stmt"/>
        <line num="92" count="41" type="stmt"/>
        <line num="93" count="41" type="stmt"/>
        <line num="94" count="41" type="stmt"/>
        <line num="95" count="41" type="stmt"/>
        <line num="96" count="41" type="stmt"/>
        <line num="97" count="41" type="stmt"/>
        <line num="98" count="41" type="stmt"/>
        <line num="99" count="41" type="stmt"/>
        <line num="101" count="41" type="stmt"/>
        <line num="102" count="2" type="stmt"/>
        <line num="104" count="41" type="stmt"/>
        <line num="105" count="2" type="stmt"/>
        <line num="106" count="2" type="stmt"/>
        <line num="107" count="2" type="stmt"/>
        <line num="108" count="2" type="stmt"/>
        <line num="111" count="41" type="stmt"/>
        <line num="112" count="16" type="cond" truecount="2" falsecount="0"/>
        <line num="113" count="13" type="stmt"/>
        <line num="115" count="16" type="stmt"/>
        <line num="116" count="16" type="cond" truecount="4" falsecount="0"/>
        <line num="117" count="12" type="stmt"/>
        <line num="123" count="41" type="stmt"/>
        <line num="124" count="1" type="stmt"/>
        <line num="125" count="1" type="stmt"/>
        <line num="126" count="1" type="stmt"/>
        <line num="129" count="41" type="stmt"/>
        <line num="130" count="1" type="stmt"/>
        <line num="131" count="1" type="stmt"/>
        <line num="132" count="1" type="stmt"/>
        <line num="136" count="41" type="stmt"/>
        <line num="137" count="1" type="stmt"/>
        <line num="138" count="1" type="stmt"/>
        <line num="139" count="1" type="stmt"/>
        <line num="144" count="41" type="stmt"/>
        <line num="160" count="41" type="stmt"/>
        <line num="170" count="41" type="stmt"/>
        <line num="187" count="41" type="stmt"/>
        <line num="195" count="1" type="stmt"/>
        <line num="214" count="1" type="stmt"/>
        <line num="223" count="1" type="stmt"/>
        <line num="243" count="41" type="stmt"/>
        <line num="244" count="41" type="stmt"/>
        <line num="269" count="1" type="stmt"/>
        <line num="333" count="41" type="stmt"/>
        <line num="334" count="2" type="stmt"/>
        <line num="335" count="2" type="stmt"/>
        <line num="336" count="2" type="stmt"/>
        <line num="337" count="2" type="stmt"/>
        <line num="338" count="2" type="stmt"/>
        <line num="339" count="2" type="stmt"/>
        <line num="340" count="2" type="stmt"/>
        <line num="341" count="2" type="stmt"/>
        <line num="355" count="2" type="stmt"/>
        <line num="356" count="2" type="stmt"/>
        <line num="357" count="2" type="stmt"/>
        <line num="359" count="2" type="stmt"/>
        <line num="360" count="2" type="stmt"/>
        <line num="371" count="41" type="stmt"/>
        <line num="372" count="31" type="stmt"/>
        <line num="373" count="31" type="stmt"/>
        <line num="374" count="31" type="stmt"/>
        <line num="375" count="31" type="cond" truecount="2" falsecount="0"/>
        <line num="376" count="1" type="stmt"/>
        <line num="378" count="31" type="stmt"/>
        <line num="379" count="31" type="cond" truecount="2" falsecount="0"/>
        <line num="380" count="1" type="stmt"/>
        <line num="383" count="31" type="cond" truecount="2" falsecount="0"/>
        <line num="384" count="30" type="stmt"/>
        <line num="391" count="2" type="stmt"/>
        <line num="420" count="2" type="cond" truecount="2" falsecount="0"/>
        <line num="421" count="1" type="stmt"/>
        <line num="422" count="1" type="stmt"/>
        <line num="423" count="1" type="stmt"/>
        <line num="424" count="1" type="stmt"/>
        <line num="426" count="1" type="stmt"/>
        <line num="427" count="1" type="stmt"/>
        <line num="428" count="1" type="stmt"/>
        <line num="429" count="1" type="stmt"/>
        <line num="438" count="1" type="stmt"/>
        <line num="439" count="1" type="stmt"/>
        <line num="448" count="41" type="stmt"/>
        <line num="449" count="71" type="stmt"/>
        <line num="450" count="71" type="stmt"/>
        <line num="451" count="71" type="stmt"/>
        <line num="465" count="71" type="cond" truecount="2" falsecount="0"/>
        <line num="466" count="2" type="stmt"/>
        <line num="467" count="69" type="cond" truecount="5" falsecount="0"/>
        <line num="469" count="65" type="cond" truecount="2" falsecount="0"/>
        <line num="470" count="2" type="stmt"/>
        <line num="472" count="63" type="stmt"/>
        <line num="473" count="4" type="cond" truecount="4" falsecount="0"/>
        <line num="475" count="1" type="stmt"/>
        <line num="477" count="3" type="stmt"/>
        <line num="478" count="3" type="cond" truecount="2" falsecount="0"/>
        <line num="479" count="3" type="cond" truecount="2" falsecount="0"/>
        <line num="480" count="3" type="stmt"/>
        <line num="484" count="41" type="stmt"/>
        <line num="553" count="31" type="stmt"/>
      </file>
      <file name="Login.jsx" path="C:\Users\Gregory Santosa\Desktop\Fall2022HW\personal\cse186\Assignment8\frontend\src\Login.jsx">
        <metrics statements="20" coveredstatements="20" conditionals="2" coveredconditionals="2" methods="7" coveredmethods="7"/>
        <line num="27" count="4" type="stmt"/>
        <line num="28" count="4" type="stmt"/>
        <line num="30" count="4" type="stmt"/>
        <line num="31" count="26" type="stmt"/>
        <line num="32" count="26" type="stmt"/>
        <line num="33" count="26" type="stmt"/>
        <line num="34" count="26" type="stmt"/>
        <line num="37" count="4" type="stmt"/>
        <line num="39" count="4" type="stmt"/>
        <line num="40" count="2" type="stmt"/>
        <line num="41" count="2" type="stmt"/>
        <line num="49" count="2" type="cond" truecount="2" falsecount="0"/>
        <line num="50" count="1" type="stmt"/>
        <line num="52" count="1" type="stmt"/>
        <line num="55" count="1" type="stmt"/>
        <line num="56" count="1" type="stmt"/>
        <line num="59" count="1" type="stmt"/>
        <line num="63" count="4" type="stmt"/>
        <line num="64" count="2" type="stmt"/>
        <line num="68" count="4" type="stmt"/>
      </file>
      <file name="SharedContext.js" path="C:\Users\Gregory Santosa\Desktop\Fall2022HW\personal\cse186\Assignment8\frontend\src\SharedContext.js">
        <metrics statements="1" coveredstatements="1" conditionals="0" coveredconditionals="0" methods="0" coveredmethods="0"/>
        <line num="3" count="2" type="stmt"/>
      </file>
    </package>
    <package name="src.__tests__">
      <metrics statements="22" coveredstatements="22" conditionals="8" coveredconditionals="8" methods="10" coveredmethods="10"/>
      <file name="common.js" path="C:\Users\Gregory Santosa\Desktop\Fall2022HW\personal\cse186\Assignment8\frontend\src\__tests__\common.js">
        <metrics statements="22" coveredstatements="22" conditionals="8" coveredconditionals="8" methods="10" coveredmethods="10"/>
        <line num="16" count="12" type="stmt"/>
        <line num="26" count="10" type="stmt"/>
        <line num="27" count="10" type="stmt"/>
        <line num="28" count="10" type="stmt"/>
        <line num="29" count="10" type="stmt"/>
        <line num="30" count="14" type="stmt"/>
        <line num="31" count="14" type="stmt"/>
        <line num="32" count="10" type="stmt"/>
        <line num="33" count="10" type="cond" truecount="2" falsecount="0"/>
        <line num="35" count="14" type="stmt"/>
        <line num="37" count="10" type="cond" truecount="2" falsecount="0"/>
        <line num="38" count="8" type="stmt"/>
        <line num="40" count="2" type="stmt"/>
        <line num="42" count="10" type="cond" truecount="4" falsecount="0"/>
        <line num="48" count="2" type="stmt"/>
        <line num="55" count="6" type="stmt"/>
        <line num="62" count="2" type="stmt"/>
        <line num="68" count="2" type="stmt"/>
        <line num="69" count="2" type="stmt"/>
        <line num="70" count="2" type="stmt"/>
        <line num="75" count="1" type="stmt"/>
        <line num="79" count="1" type="stmt"/>
      </file>
    </package>
  </project>
</coverage>
