{"C:\\Users\\Gregory Santosa\\Desktop\\Fall2022HW\\personal\\cse186\\Assignment8\\frontend\\src\\App.jsx": {"path":"C:\\Users\\Gregory Santosa\\Desktop\\Fall2022HW\\personal\\cse186\\Assignment8\\frontend\\src\\App.jsx","statementMap":{"0":{"start":{"line":26,"column":2},"end":{"line":33,"column":4}}},"fnMap":{"0":{"name":"App","decl":{"start":{"line":25,"column":9},"end":{"line":25,"column":12}},"loc":{"start":{"line":25,"column":15},"end":{"line":34,"column":1}},"line":25}},"branchMap":{},"s":{"0":1},"f":{"0":1},"b":{},"_coverageSchema":"1a1c01bbd47fc00a2c39e90264f33305004495a9","hash":"48d5f56f8f05c8f471f79f32b0bcebe7fc83c7a2"}
,"C:\\Users\\Gregory Santosa\\Desktop\\Fall2022HW\\personal\\cse186\\Assignment8\\frontend\\src\\Home.jsx": {"path":"C:\\Users\\Gregory Santosa\\Desktop\\Fall2022HW\\personal\\cse186\\Assignment8\\frontend\\src\\Home.jsx","statementMap":{"0":{"start":{"line":43,"column":20},"end":{"line":43,"column":23}},"1":{"start":{"line":45,"column":19},"end":{"line":76,"column":1}},"2":{"start":{"line":46,"column":15},"end":{"line":46,"column":43}},"3":{"start":{"line":47,"column":2},"end":{"line":49,"column":3}},"4":{"start":{"line":48,"column":4},"end":{"line":48,"column":11}},"5":{"start":{"line":50,"column":15},"end":{"line":50,"column":31}},"6":{"start":{"line":51,"column":22},"end":{"line":51,"column":38}},"7":{"start":{"line":52,"column":2},"end":{"line":75,"column":7}},"8":{"start":{"line":60,"column":6},"end":{"line":62,"column":7}},"9":{"start":{"line":61,"column":8},"end":{"line":61,"column":23}},"10":{"start":{"line":63,"column":6},"end":{"line":63,"column":29}},"11":{"start":{"line":66,"column":6},"end":{"line":66,"column":40}},"12":{"start":{"line":67,"column":6},"end":{"line":67,"column":19}},"13":{"start":{"line":68,"column":6},"end":{"line":68,"column":21}},"14":{"start":{"line":71,"column":6},"end":{"line":71,"column":42}},"15":{"start":{"line":72,"column":6},"end":{"line":72,"column":25}},"16":{"start":{"line":73,"column":6},"end":{"line":73,"column":19}},"17":{"start":{"line":74,"column":6},"end":{"line":74,"column":56}},"18":{"start":{"line":83,"column":15},"end":{"line":83,"column":55}},"19":{"start":{"line":84,"column":28},"end":{"line":84,"column":46}},"20":{"start":{"line":85,"column":26},"end":{"line":85,"column":63}},"21":{"start":{"line":86,"column":28},"end":{"line":86,"column":56}},"22":{"start":{"line":88,"column":38},"end":{"line":88,"column":59}},"23":{"start":{"line":89,"column":28},"end":{"line":89,"column":45}},"24":{"start":{"line":91,"column":32},"end":{"line":91,"column":47}},"25":{"start":{"line":92,"column":32},"end":{"line":92,"column":44}},"26":{"start":{"line":93,"column":26},"end":{"line":93,"column":38}},"27":{"start":{"line":94,"column":34},"end":{"line":94,"column":46}},"28":{"start":{"line":95,"column":32},"end":{"line":95,"column":44}},"29":{"start":{"line":96,"column":34},"end":{"line":96,"column":46}},"30":{"start":{"line":97,"column":40},"end":{"line":97,"column":52}},"31":{"start":{"line":98,"column":38},"end":{"line":98,"column":49}},"32":{"start":{"line":99,"column":20},"end":{"line":99,"column":51}},"33":{"start":{"line":101,"column":29},"end":{"line":103,"column":3}},"34":{"start":{"line":102,"column":4},"end":{"line":102,"column":31}},"35":{"start":{"line":104,"column":17},"end":{"line":109,"column":3}},"36":{"start":{"line":105,"column":4},"end":{"line":105,"column":36}},"37":{"start":{"line":106,"column":4},"end":{"line":106,"column":17}},"38":{"start":{"line":107,"column":4},"end":{"line":107,"column":16}},"39":{"start":{"line":108,"column":4},"end":{"line":108,"column":27}},"40":{"start":{"line":111,"column":2},"end":{"line":120,"column":4}},"41":{"start":{"line":112,"column":4},"end":{"line":114,"column":5}},"42":{"start":{"line":113,"column":6},"end":{"line":113,"column":46}},"43":{"start":{"line":115,"column":4},"end":{"line":115,"column":44}},"44":{"start":{"line":116,"column":4},"end":{"line":118,"column":5}},"45":{"start":{"line":117,"column":6},"end":{"line":117,"column":24}},"46":{"start":{"line":123,"column":22},"end":{"line":127,"column":3}},"47":{"start":{"line":124,"column":4},"end":{"line":124,"column":22}},"48":{"start":{"line":125,"column":4},"end":{"line":125,"column":22}},"49":{"start":{"line":126,"column":4},"end":{"line":126,"column":44}},"50":{"start":{"line":129,"column":22},"end":{"line":133,"column":3}},"51":{"start":{"line":130,"column":4},"end":{"line":130,"column":22}},"52":{"start":{"line":131,"column":4},"end":{"line":131,"column":22}},"53":{"start":{"line":132,"column":4},"end":{"line":132,"column":44}},"54":{"start":{"line":136,"column":21},"end":{"line":140,"column":3}},"55":{"start":{"line":137,"column":4},"end":{"line":137,"column":21}},"56":{"start":{"line":138,"column":4},"end":{"line":138,"column":22}},"57":{"start":{"line":139,"column":4},"end":{"line":139,"column":43}},"58":{"start":{"line":144,"column":17},"end":{"line":158,"column":5}},"59":{"start":{"line":144,"column":45},"end":{"line":158,"column":3}},"60":{"start":{"line":160,"column":28},"end":{"line":168,"column":5}},"61":{"start":{"line":160,"column":56},"end":{"line":168,"column":3}},"62":{"start":{"line":170,"column":26},"end":{"line":182,"column":5}},"63":{"start":{"line":170,"column":58},"end":{"line":182,"column":3}},"64":{"start":{"line":187,"column":4},"end":{"line":233,"column":10}},"65":{"start":{"line":195,"column":37},"end":{"line":195,"column":50}},"66":{"start":{"line":214,"column":39},"end":{"line":214,"column":51}},"67":{"start":{"line":223,"column":39},"end":{"line":223,"column":52}},"68":{"start":{"line":243,"column":24},"end":{"line":326,"column":3}},"69":{"start":{"line":244,"column":4},"end":{"line":325,"column":6}},"70":{"start":{"line":269,"column":16},"end":{"line":269,"column":34}},"71":{"start":{"line":333,"column":24},"end":{"line":361,"column":3}},"72":{"start":{"line":334,"column":4},"end":{"line":334,"column":36}},"73":{"start":{"line":335,"column":4},"end":{"line":335,"column":25}},"74":{"start":{"line":336,"column":4},"end":{"line":336,"column":21}},"75":{"start":{"line":337,"column":4},"end":{"line":337,"column":34}},"76":{"start":{"line":338,"column":4},"end":{"line":338,"column":33}},"77":{"start":{"line":339,"column":4},"end":{"line":339,"column":41}},"78":{"start":{"line":340,"column":4},"end":{"line":340,"column":34}},"79":{"start":{"line":341,"column":19},"end":{"line":354,"column":5}},"80":{"start":{"line":355,"column":12},"end":{"line":355,"column":14}},"81":{"start":{"line":356,"column":20},"end":{"line":356,"column":48}},"82":{"start":{"line":357,"column":4},"end":{"line":358,"column":78}},"83":{"start":{"line":359,"column":4},"end":{"line":359,"column":19}},"84":{"start":{"line":360,"column":4},"end":{"line":360,"column":14}},"85":{"start":{"line":371,"column":20},"end":{"line":441,"column":3}},"86":{"start":{"line":372,"column":15},"end":{"line":372,"column":43}},"87":{"start":{"line":373,"column":4},"end":{"line":373,"column":28}},"88":{"start":{"line":374,"column":15},"end":{"line":374,"column":34}},"89":{"start":{"line":375,"column":4},"end":{"line":377,"column":5}},"90":{"start":{"line":376,"column":6},"end":{"line":376,"column":43}},"91":{"start":{"line":378,"column":12},"end":{"line":378,"column":57}},"92":{"start":{"line":379,"column":4},"end":{"line":381,"column":5}},"93":{"start":{"line":380,"column":6},"end":{"line":380,"column":37}},"94":{"start":{"line":383,"column":4},"end":{"line":440,"column":5}},"95":{"start":{"line":384,"column":6},"end":{"line":436,"column":8}},"96":{"start":{"line":391,"column":39},"end":{"line":391,"column":58}},"97":{"start":{"line":420,"column":16},"end":{"line":430,"column":17}},"98":{"start":{"line":421,"column":18},"end":{"line":421,"column":48}},"99":{"start":{"line":422,"column":18},"end":{"line":422,"column":50}},"100":{"start":{"line":423,"column":18},"end":{"line":423,"column":46}},"101":{"start":{"line":424,"column":18},"end":{"line":424,"column":25}},"102":{"start":{"line":426,"column":18},"end":{"line":426,"column":45}},"103":{"start":{"line":427,"column":18},"end":{"line":427,"column":50}},"104":{"start":{"line":428,"column":18},"end":{"line":428,"column":46}},"105":{"start":{"line":429,"column":18},"end":{"line":429,"column":25}},"106":{"start":{"line":438,"column":6},"end":{"line":438,"column":25}},"107":{"start":{"line":439,"column":6},"end":{"line":439,"column":13}},"108":{"start":{"line":448,"column":22},"end":{"line":482,"column":3}},"109":{"start":{"line":449,"column":14},"end":{"line":449,"column":32}},"110":{"start":{"line":450,"column":20},"end":{"line":450,"column":30}},"111":{"start":{"line":451,"column":19},"end":{"line":464,"column":5}},"112":{"start":{"line":465,"column":4},"end":{"line":481,"column":5}},"113":{"start":{"line":466,"column":6},"end":{"line":466,"column":29}},"114":{"start":{"line":467,"column":11},"end":{"line":481,"column":5}},"115":{"start":{"line":469,"column":6},"end":{"line":471,"column":7}},"116":{"start":{"line":470,"column":8},"end":{"line":470,"column":57}},"117":{"start":{"line":472,"column":6},"end":{"line":472,"column":54}},"118":{"start":{"line":473,"column":11},"end":{"line":481,"column":5}},"119":{"start":{"line":475,"column":6},"end":{"line":475,"column":25}},"120":{"start":{"line":477,"column":20},"end":{"line":477,"column":37}},"121":{"start":{"line":478,"column":22},"end":{"line":478,"column":79}},"122":{"start":{"line":479,"column":19},"end":{"line":479,"column":49}},"123":{"start":{"line":480,"column":6},"end":{"line":480,"column":48}},"124":{"start":{"line":484,"column":2},"end":{"line":560,"column":4}},"125":{"start":{"line":553,"column":34},"end":{"line":553,"column":49}}},"fnMap":{"0":{"name":"(anonymous_0)","decl":{"start":{"line":45,"column":19},"end":{"line":45,"column":20}},"loc":{"start":{"line":45,"column":52},"end":{"line":76,"column":1}},"line":45},"1":{"name":"(anonymous_1)","decl":{"start":{"line":59,"column":10},"end":{"line":59,"column":11}},"loc":{"start":{"line":59,"column":24},"end":{"line":64,"column":5}},"line":59},"2":{"name":"(anonymous_2)","decl":{"start":{"line":65,"column":10},"end":{"line":65,"column":11}},"loc":{"start":{"line":65,"column":20},"end":{"line":69,"column":5}},"line":65},"3":{"name":"(anonymous_3)","decl":{"start":{"line":70,"column":11},"end":{"line":70,"column":12}},"loc":{"start":{"line":70,"column":22},"end":{"line":75,"column":5}},"line":70},"4":{"name":"Home","decl":{"start":{"line":82,"column":9},"end":{"line":82,"column":13}},"loc":{"start":{"line":82,"column":16},"end":{"line":561,"column":1}},"line":82},"5":{"name":"(anonymous_5)","decl":{"start":{"line":101,"column":29},"end":{"line":101,"column":30}},"loc":{"start":{"line":101,"column":35},"end":{"line":103,"column":3}},"line":101},"6":{"name":"(anonymous_6)","decl":{"start":{"line":104,"column":17},"end":{"line":104,"column":18}},"loc":{"start":{"line":104,"column":23},"end":{"line":109,"column":3}},"line":104},"7":{"name":"(anonymous_7)","decl":{"start":{"line":111,"column":18},"end":{"line":111,"column":19}},"loc":{"start":{"line":111,"column":24},"end":{"line":119,"column":3}},"line":111},"8":{"name":"(anonymous_8)","decl":{"start":{"line":123,"column":22},"end":{"line":123,"column":23}},"loc":{"start":{"line":123,"column":28},"end":{"line":127,"column":3}},"line":123},"9":{"name":"(anonymous_9)","decl":{"start":{"line":129,"column":22},"end":{"line":129,"column":23}},"loc":{"start":{"line":129,"column":28},"end":{"line":133,"column":3}},"line":129},"10":{"name":"(anonymous_10)","decl":{"start":{"line":136,"column":21},"end":{"line":136,"column":22}},"loc":{"start":{"line":136,"column":27},"end":{"line":140,"column":3}},"line":136},"11":{"name":"(anonymous_11)","decl":{"start":{"line":144,"column":31},"end":{"line":144,"column":32}},"loc":{"start":{"line":144,"column":45},"end":{"line":158,"column":3}},"line":144},"12":{"name":"(anonymous_12)","decl":{"start":{"line":160,"column":42},"end":{"line":160,"column":43}},"loc":{"start":{"line":160,"column":56},"end":{"line":168,"column":3}},"line":160},"13":{"name":"(anonymous_13)","decl":{"start":{"line":170,"column":44},"end":{"line":170,"column":45}},"loc":{"start":{"line":170,"column":58},"end":{"line":182,"column":3}},"line":170},"14":{"name":"(anonymous_14)","decl":{"start":{"line":195,"column":33},"end":{"line":195,"column":34}},"loc":{"start":{"line":195,"column":37},"end":{"line":195,"column":50}},"line":195},"15":{"name":"(anonymous_15)","decl":{"start":{"line":214,"column":35},"end":{"line":214,"column":36}},"loc":{"start":{"line":214,"column":39},"end":{"line":214,"column":51}},"line":214},"16":{"name":"(anonymous_16)","decl":{"start":{"line":223,"column":35},"end":{"line":223,"column":36}},"loc":{"start":{"line":223,"column":39},"end":{"line":223,"column":52}},"line":223},"17":{"name":"(anonymous_17)","decl":{"start":{"line":243,"column":24},"end":{"line":243,"column":25}},"loc":{"start":{"line":243,"column":30},"end":{"line":326,"column":3}},"line":243},"18":{"name":"(anonymous_18)","decl":{"start":{"line":268,"column":23},"end":{"line":268,"column":24}},"loc":{"start":{"line":268,"column":27},"end":{"line":270,"column":15}},"line":268},"19":{"name":"(anonymous_19)","decl":{"start":{"line":333,"column":24},"end":{"line":333,"column":25}},"loc":{"start":{"line":333,"column":34},"end":{"line":361,"column":3}},"line":333},"20":{"name":"(anonymous_20)","decl":{"start":{"line":371,"column":20},"end":{"line":371,"column":21}},"loc":{"start":{"line":371,"column":30},"end":{"line":441,"column":3}},"line":371},"21":{"name":"(anonymous_21)","decl":{"start":{"line":391,"column":35},"end":{"line":391,"column":36}},"loc":{"start":{"line":391,"column":39},"end":{"line":391,"column":58}},"line":391},"22":{"name":"(anonymous_22)","decl":{"start":{"line":419,"column":23},"end":{"line":419,"column":24}},"loc":{"start":{"line":419,"column":27},"end":{"line":431,"column":15}},"line":419},"23":{"name":"(anonymous_23)","decl":{"start":{"line":448,"column":22},"end":{"line":448,"column":23}},"loc":{"start":{"line":448,"column":36},"end":{"line":482,"column":3}},"line":448},"24":{"name":"(anonymous_24)","decl":{"start":{"line":553,"column":23},"end":{"line":553,"column":24}},"loc":{"start":{"line":553,"column":34},"end":{"line":553,"column":49}},"line":553}},"branchMap":{"0":{"loc":{"start":{"line":47,"column":2},"end":{"line":49,"column":3}},"type":"if","locations":[{"start":{"line":47,"column":2},"end":{"line":49,"column":3}},{"start":{},"end":{}}],"line":47},"1":{"loc":{"start":{"line":60,"column":6},"end":{"line":62,"column":7}},"type":"if","locations":[{"start":{"line":60,"column":6},"end":{"line":62,"column":7}},{"start":{},"end":{}}],"line":60},"2":{"loc":{"start":{"line":85,"column":41},"end":{"line":85,"column":62}},"type":"cond-expr","locations":[{"start":{"line":85,"column":48},"end":{"line":85,"column":57}},{"start":{"line":85,"column":60},"end":{"line":85,"column":62}}],"line":85},"3":{"loc":{"start":{"line":112,"column":4},"end":{"line":114,"column":5}},"type":"if","locations":[{"start":{"line":112,"column":4},"end":{"line":114,"column":5}},{"start":{},"end":{}}],"line":112},"4":{"loc":{"start":{"line":116,"column":4},"end":{"line":118,"column":5}},"type":"if","locations":[{"start":{"line":116,"column":4},"end":{"line":118,"column":5}},{"start":{},"end":{}}],"line":116},"5":{"loc":{"start":{"line":116,"column":8},"end":{"line":116,"column":47}},"type":"binary-expr","locations":[{"start":{"line":116,"column":8},"end":{"line":116,"column":15}},{"start":{"line":116,"column":19},"end":{"line":116,"column":47}}],"line":116},"6":{"loc":{"start":{"line":375,"column":4},"end":{"line":377,"column":5}},"type":"if","locations":[{"start":{"line":375,"column":4},"end":{"line":377,"column":5}},{"start":{},"end":{}}],"line":375},"7":{"loc":{"start":{"line":379,"column":4},"end":{"line":381,"column":5}},"type":"if","locations":[{"start":{"line":379,"column":4},"end":{"line":381,"column":5}},{"start":{},"end":{}}],"line":379},"8":{"loc":{"start":{"line":383,"column":4},"end":{"line":440,"column":5}},"type":"if","locations":[{"start":{"line":383,"column":4},"end":{"line":440,"column":5}},{"start":{"line":437,"column":11},"end":{"line":440,"column":5}}],"line":383},"9":{"loc":{"start":{"line":420,"column":16},"end":{"line":430,"column":17}},"type":"if","locations":[{"start":{"line":420,"column":16},"end":{"line":430,"column":17}},{"start":{"line":425,"column":23},"end":{"line":430,"column":17}}],"line":420},"10":{"loc":{"start":{"line":465,"column":4},"end":{"line":481,"column":5}},"type":"if","locations":[{"start":{"line":465,"column":4},"end":{"line":481,"column":5}},{"start":{"line":467,"column":11},"end":{"line":481,"column":5}}],"line":465},"11":{"loc":{"start":{"line":467,"column":11},"end":{"line":481,"column":5}},"type":"if","locations":[{"start":{"line":467,"column":11},"end":{"line":481,"column":5}},{"start":{"line":473,"column":11},"end":{"line":481,"column":5}}],"line":467},"12":{"loc":{"start":{"line":467,"column":15},"end":{"line":468,"column":76}},"type":"binary-expr","locations":[{"start":{"line":467,"column":16},"end":{"line":467,"column":55}},{"start":{"line":468,"column":8},"end":{"line":468,"column":53}},{"start":{"line":468,"column":58},"end":{"line":468,"column":76}}],"line":467},"13":{"loc":{"start":{"line":469,"column":6},"end":{"line":471,"column":7}},"type":"if","locations":[{"start":{"line":469,"column":6},"end":{"line":471,"column":7}},{"start":{},"end":{}}],"line":469},"14":{"loc":{"start":{"line":473,"column":11},"end":{"line":481,"column":5}},"type":"if","locations":[{"start":{"line":473,"column":11},"end":{"line":481,"column":5}},{"start":{"line":476,"column":11},"end":{"line":481,"column":5}}],"line":473},"15":{"loc":{"start":{"line":473,"column":15},"end":{"line":474,"column":24}},"type":"binary-expr","locations":[{"start":{"line":473,"column":15},"end":{"line":473,"column":52}},{"start":{"line":474,"column":6},"end":{"line":474,"column":24}}],"line":473},"16":{"loc":{"start":{"line":478,"column":22},"end":{"line":478,"column":79}},"type":"cond-expr","locations":[{"start":{"line":478,"column":44},"end":{"line":478,"column":62}},{"start":{"line":478,"column":65},"end":{"line":478,"column":79}}],"line":478},"17":{"loc":{"start":{"line":479,"column":19},"end":{"line":479,"column":49}},"type":"cond-expr","locations":[{"start":{"line":479,"column":38},"end":{"line":479,"column":42}},{"start":{"line":479,"column":45},"end":{"line":479,"column":49}}],"line":479}},"s":{"0":2,"1":2,"2":32,"3":32,"4":2,"5":30,"6":30,"7":30,"8":30,"9":28,"10":2,"11":2,"12":2,"13":2,"14":28,"15":28,"16":28,"17":28,"18":41,"19":41,"20":41,"21":41,"22":41,"23":41,"24":41,"25":41,"26":41,"27":41,"28":41,"29":41,"30":41,"31":41,"32":41,"33":41,"34":2,"35":41,"36":2,"37":2,"38":2,"39":2,"40":41,"41":16,"42":13,"43":16,"44":16,"45":12,"46":41,"47":1,"48":1,"49":1,"50":41,"51":1,"52":1,"53":1,"54":41,"55":1,"56":1,"57":1,"58":41,"59":41,"60":41,"61":41,"62":41,"63":41,"64":41,"65":1,"66":1,"67":1,"68":41,"69":41,"70":1,"71":41,"72":2,"73":2,"74":2,"75":2,"76":2,"77":2,"78":2,"79":2,"80":2,"81":2,"82":2,"83":2,"84":2,"85":41,"86":31,"87":31,"88":31,"89":31,"90":1,"91":31,"92":31,"93":1,"94":31,"95":30,"96":2,"97":2,"98":1,"99":1,"100":1,"101":1,"102":1,"103":1,"104":1,"105":1,"106":1,"107":1,"108":41,"109":71,"110":71,"111":71,"112":71,"113":2,"114":69,"115":65,"116":2,"117":63,"118":4,"119":1,"120":3,"121":3,"122":3,"123":3,"124":41,"125":31},"f":{"0":32,"1":30,"2":2,"3":28,"4":41,"5":2,"6":2,"7":16,"8":1,"9":1,"10":1,"11":41,"12":41,"13":41,"14":1,"15":1,"16":1,"17":41,"18":1,"19":2,"20":31,"21":2,"22":2,"23":71,"24":31},"b":{"0":[2,30],"1":[28,2],"2":[37,4],"3":[13,3],"4":[12,4],"5":[16,13],"6":[1,30],"7":[1,30],"8":[30,1],"9":[1,1],"10":[2,69],"11":[65,4],"12":[69,4,66],"13":[2,63],"14":[1,3],"15":[4,4],"16":[1,2],"17":[1,2]},"_coverageSchema":"1a1c01bbd47fc00a2c39e90264f33305004495a9","hash":"8e1c876e16b96e0bcff5cb3a55f5483d8f39c964"}
,"C:\\Users\\Gregory Santosa\\Desktop\\Fall2022HW\\personal\\cse186\\Assignment8\\frontend\\src\\Login.jsx": {"path":"C:\\Users\\Gregory Santosa\\Desktop\\Fall2022HW\\personal\\cse186\\Assignment8\\frontend\\src\\Login.jsx","statementMap":{"0":{"start":{"line":27,"column":26},"end":{"line":27,"column":67}},"1":{"start":{"line":28,"column":18},"end":{"line":28,"column":31}},"2":{"start":{"line":30,"column":28},"end":{"line":35,"column":3}},"3":{"start":{"line":31,"column":26},"end":{"line":31,"column":38}},"4":{"start":{"line":32,"column":14},"end":{"line":32,"column":18}},"5":{"start":{"line":33,"column":4},"end":{"line":33,"column":20}},"6":{"start":{"line":34,"column":4},"end":{"line":34,"column":15}},"7":{"start":{"line":37,"column":16},"end":{"line":37,"column":29}},"8":{"start":{"line":39,"column":19},"end":{"line":61,"column":3}},"9":{"start":{"line":40,"column":4},"end":{"line":40,"column":27}},"10":{"start":{"line":41,"column":4},"end":{"line":60,"column":9}},"11":{"start":{"line":49,"column":8},"end":{"line":51,"column":9}},"12":{"start":{"line":50,"column":10},"end":{"line":50,"column":20}},"13":{"start":{"line":52,"column":8},"end":{"line":52,"column":26}},"14":{"start":{"line":55,"column":8},"end":{"line":55,"column":59}},"15":{"start":{"line":56,"column":8},"end":{"line":56,"column":21}},"16":{"start":{"line":59,"column":8},"end":{"line":59,"column":52}},"17":{"start":{"line":63,"column":2},"end":{"line":65,"column":9}},"18":{"start":{"line":64,"column":4},"end":{"line":64,"column":36}},"19":{"start":{"line":68,"column":2},"end":{"line":117,"column":4}}},"fnMap":{"0":{"name":"Login","decl":{"start":{"line":26,"column":9},"end":{"line":26,"column":14}},"loc":{"start":{"line":26,"column":17},"end":{"line":118,"column":1}},"line":26},"1":{"name":"(anonymous_1)","decl":{"start":{"line":30,"column":28},"end":{"line":30,"column":29}},"loc":{"start":{"line":30,"column":39},"end":{"line":35,"column":3}},"line":30},"2":{"name":"(anonymous_2)","decl":{"start":{"line":39,"column":19},"end":{"line":39,"column":20}},"loc":{"start":{"line":39,"column":30},"end":{"line":61,"column":3}},"line":39},"3":{"name":"(anonymous_3)","decl":{"start":{"line":48,"column":12},"end":{"line":48,"column":13}},"loc":{"start":{"line":48,"column":21},"end":{"line":53,"column":7}},"line":48},"4":{"name":"(anonymous_4)","decl":{"start":{"line":54,"column":12},"end":{"line":54,"column":13}},"loc":{"start":{"line":54,"column":22},"end":{"line":57,"column":7}},"line":54},"5":{"name":"(anonymous_5)","decl":{"start":{"line":58,"column":13},"end":{"line":58,"column":14}},"loc":{"start":{"line":58,"column":22},"end":{"line":60,"column":7}},"line":58},"6":{"name":"(anonymous_6)","decl":{"start":{"line":63,"column":18},"end":{"line":63,"column":19}},"loc":{"start":{"line":63,"column":24},"end":{"line":65,"column":3}},"line":63}},"branchMap":{"0":{"loc":{"start":{"line":49,"column":8},"end":{"line":51,"column":9}},"type":"if","locations":[{"start":{"line":49,"column":8},"end":{"line":51,"column":9}},{"start":{},"end":{}}],"line":49}},"s":{"0":4,"1":4,"2":4,"3":26,"4":26,"5":26,"6":26,"7":4,"8":4,"9":2,"10":2,"11":2,"12":1,"13":1,"14":1,"15":1,"16":1,"17":4,"18":2,"19":4},"f":{"0":4,"1":26,"2":2,"3":2,"4":1,"5":1,"6":2},"b":{"0":[1,1]},"_coverageSchema":"1a1c01bbd47fc00a2c39e90264f33305004495a9","hash":"eb27c6796a2e68529704d2e52f9117eeb4707135"}
,"C:\\Users\\Gregory Santosa\\Desktop\\Fall2022HW\\personal\\cse186\\Assignment8\\frontend\\src\\SharedContext.js": {"path":"C:\\Users\\Gregory Santosa\\Desktop\\Fall2022HW\\personal\\cse186\\Assignment8\\frontend\\src\\SharedContext.js","statementMap":{"0":{"start":{"line":3,"column":29},"end":{"line":3,"column":57}}},"fnMap":{},"branchMap":{},"s":{"0":2},"f":{},"b":{},"_coverageSchema":"1a1c01bbd47fc00a2c39e90264f33305004495a9","hash":"c647fdd4c612ebc9924b7eb5fd90f2107db3ec49"}
,"C:\\Users\\Gregory Santosa\\Desktop\\Fall2022HW\\personal\\cse186\\Assignment8\\frontend\\src\\__tests__\\common.js": {"path":"C:\\Users\\Gregory Santosa\\Desktop\\Fall2022HW\\personal\\cse186\\Assignment8\\frontend\\src\\__tests__\\common.js","statementMap":{"0":{"start":{"line":16,"column":2},"end":{"line":18,"column":5}},"1":{"start":{"line":26,"column":19},"end":{"line":26,"column":49}},"2":{"start":{"line":27,"column":16},"end":{"line":27,"column":17}},"3":{"start":{"line":28,"column":12},"end":{"line":28,"column":21}},"4":{"start":{"line":29,"column":2},"end":{"line":36,"column":5}},"5":{"start":{"line":30,"column":4},"end":{"line":34,"column":15}},"6":{"start":{"line":31,"column":6},"end":{"line":31,"column":36}},"7":{"start":{"line":32,"column":6},"end":{"line":32,"column":16}},"8":{"start":{"line":33,"column":6},"end":{"line":33,"column":32}},"9":{"start":{"line":35,"column":4},"end":{"line":35,"column":16}},"10":{"start":{"line":37,"column":2},"end":{"line":41,"column":3}},"11":{"start":{"line":38,"column":4},"end":{"line":38,"column":32}},"12":{"start":{"line":40,"column":4},"end":{"line":40,"column":36}},"13":{"start":{"line":42,"column":2},"end":{"line":42,"column":62}},"14":{"start":{"line":48,"column":2},"end":{"line":48,"column":29}},"15":{"start":{"line":55,"column":2},"end":{"line":55,"column":36}},"16":{"start":{"line":62,"column":2},"end":{"line":62,"column":44}},"17":{"start":{"line":68,"column":2},"end":{"line":68,"column":28}},"18":{"start":{"line":69,"column":2},"end":{"line":71,"column":5}},"19":{"start":{"line":70,"column":4},"end":{"line":70,"column":46}},"20":{"start":{"line":75,"column":2},"end":{"line":75,"column":16}},"21":{"start":{"line":79,"column":2},"end":{"line":79,"column":16}}},"fnMap":{"0":{"name":"getClickable","decl":{"start":{"line":15,"column":16},"end":{"line":15,"column":28}},"loc":{"start":{"line":15,"column":38},"end":{"line":19,"column":1}},"line":15},"1":{"name":"getManyVisible","decl":{"start":{"line":25,"column":16},"end":{"line":25,"column":30}},"loc":{"start":{"line":25,"column":47},"end":{"line":43,"column":1}},"line":25},"2":{"name":"(anonymous_2)","decl":{"start":{"line":29,"column":15},"end":{"line":29,"column":16}},"loc":{"start":{"line":29,"column":28},"end":{"line":36,"column":3}},"line":29},"3":{"name":"getNotVisible","decl":{"start":{"line":47,"column":16},"end":{"line":47,"column":29}},"loc":{"start":{"line":47,"column":39},"end":{"line":49,"column":1}},"line":47},"4":{"name":"getOnlyVisible","decl":{"start":{"line":54,"column":16},"end":{"line":54,"column":30}},"loc":{"start":{"line":54,"column":40},"end":{"line":56,"column":1}},"line":54},"5":{"name":"getAnyVisible","decl":{"start":{"line":61,"column":16},"end":{"line":61,"column":29}},"loc":{"start":{"line":61,"column":39},"end":{"line":63,"column":1}},"line":61},"6":{"name":"setWidth","decl":{"start":{"line":67,"column":9},"end":{"line":67,"column":17}},"loc":{"start":{"line":67,"column":25},"end":{"line":72,"column":1}},"line":67},"7":{"name":"(anonymous_7)","decl":{"start":{"line":69,"column":6},"end":{"line":69,"column":7}},"loc":{"start":{"line":69,"column":12},"end":{"line":71,"column":3}},"line":69},"8":{"name":"setNarrow","decl":{"start":{"line":74,"column":16},"end":{"line":74,"column":25}},"loc":{"start":{"line":74,"column":28},"end":{"line":76,"column":1}},"line":74},"9":{"name":"setWide","decl":{"start":{"line":78,"column":16},"end":{"line":78,"column":23}},"loc":{"start":{"line":78,"column":26},"end":{"line":80,"column":1}},"line":78}},"branchMap":{"0":{"loc":{"start":{"line":33,"column":12},"end":{"line":33,"column":31}},"type":"cond-expr","locations":[{"start":{"line":33,"column":18},"end":{"line":33,"column":21}},{"start":{"line":33,"column":24},"end":{"line":33,"column":31}}],"line":33},"1":{"loc":{"start":{"line":37,"column":2},"end":{"line":41,"column":3}},"type":"if","locations":[{"start":{"line":37,"column":2},"end":{"line":41,"column":3}},{"start":{"line":39,"column":9},"end":{"line":41,"column":3}}],"line":37},"2":{"loc":{"start":{"line":42,"column":9},"end":{"line":42,"column":61}},"type":"cond-expr","locations":[{"start":{"line":42,"column":46},"end":{"line":42,"column":49}},{"start":{"line":42,"column":52},"end":{"line":42,"column":61}}],"line":42},"3":{"loc":{"start":{"line":42,"column":9},"end":{"line":42,"column":43}},"type":"binary-expr","locations":[{"start":{"line":42,"column":9},"end":{"line":42,"column":20}},{"start":{"line":42,"column":24},"end":{"line":42,"column":43}}],"line":42}},"s":{"0":12,"1":10,"2":10,"3":10,"4":10,"5":14,"6":14,"7":10,"8":10,"9":14,"10":10,"11":8,"12":2,"13":10,"14":2,"15":6,"16":2,"17":2,"18":2,"19":2,"20":1,"21":1},"f":{"0":12,"1":10,"2":14,"3":2,"4":6,"5":2,"6":2,"7":2,"8":1,"9":1},"b":{"0":[2,8],"1":[8,2],"2":[8,2],"3":[10,4]},"_coverageSchema":"1a1c01bbd47fc00a2c39e90264f33305004495a9","hash":"8e5d5c8dc307ffe9a213c8012a0bff3e6ebd3caf"}
}
