TN:
SF:src\App.jsx
FN:25,App
FNF:1
FNH:1
FNDA:1,App
DA:26,1
LF:1
LH:1
BRF:0
BRH:0
end_of_record
TN:
SF:src\Home.jsx
FN:45,(anonymous_0)
FN:59,(anonymous_1)
FN:65,(anonymous_2)
FN:70,(anonymous_3)
FN:82,Home
FN:101,(anonymous_5)
FN:104,(anonymous_6)
FN:111,(anonymous_7)
FN:123,(anonymous_8)
FN:129,(anonymous_9)
FN:136,(anonymous_10)
FN:144,(anonymous_11)
FN:160,(anonymous_12)
FN:170,(anonymous_13)
FN:195,(anonymous_14)
FN:214,(anonymous_15)
FN:223,(anonymous_16)
FN:243,(anonymous_17)
FN:268,(anonymous_18)
FN:333,(anonymous_19)
FN:371,(anonymous_20)
FN:391,(anonymous_21)
FN:419,(anonymous_22)
FN:448,(anonymous_23)
FN:553,(anonymous_24)
FNF:25
FNH:25
FNDA:32,(anonymous_0)
FNDA:30,(anonymous_1)
FNDA:2,(anonymous_2)
FNDA:28,(anonymous_3)
FNDA:41,Home
FNDA:2,(anonymous_5)
FNDA:2,(anonymous_6)
FNDA:16,(anonymous_7)
FNDA:1,(anonymous_8)
FNDA:1,(anonymous_9)
FNDA:1,(anonymous_10)
FNDA:41,(anonymous_11)
FNDA:41,(anonymous_12)
FNDA:41,(anonymous_13)
FNDA:1,(anonymous_14)
FNDA:1,(anonymous_15)
FNDA:1,(anonymous_16)
FNDA:41,(anonymous_17)
FNDA:1,(anonymous_18)
FNDA:2,(anonymous_19)
FNDA:31,(anonymous_20)
FNDA:2,(anonymous_21)
FNDA:2,(anonymous_22)
FNDA:71,(anonymous_23)
FNDA:31,(anonymous_24)
DA:43,2
DA:45,2
DA:46,32
DA:47,32
DA:48,2
DA:50,30
DA:51,30
DA:52,30
DA:60,30
DA:61,28
DA:63,2
DA:66,2
DA:67,2
DA:68,2
DA:71,28
DA:72,28
DA:73,28
DA:74,28
DA:83,41
DA:84,41
DA:85,41
DA:86,41
DA:88,41
DA:89,41
DA:91,41
DA:92,41
DA:93,41
DA:94,41
DA:95,41
DA:96,41
DA:97,41
DA:98,41
DA:99,41
DA:101,41
DA:102,2
DA:104,41
DA:105,2
DA:106,2
DA:107,2
DA:108,2
DA:111,41
DA:112,16
DA:113,13
DA:115,16
DA:116,16
DA:117,12
DA:123,41
DA:124,1
DA:125,1
DA:126,1
DA:129,41
DA:130,1
DA:131,1
DA:132,1
DA:136,41
DA:137,1
DA:138,1
DA:139,1
DA:144,41
DA:160,41
DA:170,41
DA:187,41
DA:195,1
DA:214,1
DA:223,1
DA:243,41
DA:244,41
DA:269,1
DA:333,41
DA:334,2
DA:335,2
DA:336,2
DA:337,2
DA:338,2
DA:339,2
DA:340,2
DA:341,2
DA:355,2
DA:356,2
DA:357,2
DA:359,2
DA:360,2
DA:371,41
DA:372,31
DA:373,31
DA:374,31
DA:375,31
DA:376,1
DA:378,31
DA:379,31
DA:380,1
DA:383,31
DA:384,30
DA:391,2
DA:420,2
DA:421,1
DA:422,1
DA:423,1
DA:424,1
DA:426,1
DA:427,1
DA:428,1
DA:429,1
DA:438,1
DA:439,1
DA:448,41
DA:449,71
DA:450,71
DA:451,71
DA:465,71
DA:466,2
DA:467,69
DA:469,65
DA:470,2
DA:472,63
DA:473,4
DA:475,1
DA:477,3
DA:478,3
DA:479,3
DA:480,3
DA:484,41
DA:553,31
LF:123
LH:123
BRDA:47,0,0,2
BRDA:47,0,1,30
BRDA:60,1,0,28
BRDA:60,1,1,2
BRDA:85,2,0,37
BRDA:85,2,1,4
BRDA:112,3,0,13
BRDA:112,3,1,3
BRDA:116,4,0,12
BRDA:116,4,1,4
BRDA:116,5,0,16
BRDA:116,5,1,13
BRDA:375,6,0,1
BRDA:375,6,1,30
BRDA:379,7,0,1
BRDA:379,7,1,30
BRDA:383,8,0,30
BRDA:383,8,1,1
BRDA:420,9,0,1
BRDA:420,9,1,1
BRDA:465,10,0,2
BRDA:465,10,1,69
BRDA:467,11,0,65
BRDA:467,11,1,4
BRDA:467,12,0,69
BRDA:467,12,1,4
BRDA:467,12,2,66
BRDA:469,13,0,2
BRDA:469,13,1,63
BRDA:473,14,0,1
BRDA:473,14,1,3
BRDA:473,15,0,4
BRDA:473,15,1,4
BRDA:478,16,0,1
BRDA:478,16,1,2
BRDA:479,17,0,1
BRDA:479,17,1,2
BRF:37
BRH:37
end_of_record
TN:
SF:src\Login.jsx
FN:26,Login
FN:30,(anonymous_1)
FN:39,(anonymous_2)
FN:48,(anonymous_3)
FN:54,(anonymous_4)
FN:58,(anonymous_5)
FN:63,(anonymous_6)
FNF:7
FNH:7
FNDA:4,Login
FNDA:26,(anonymous_1)
FNDA:2,(anonymous_2)
FNDA:2,(anonymous_3)
FNDA:1,(anonymous_4)
FNDA:1,(anonymous_5)
FNDA:2,(anonymous_6)
DA:27,4
DA:28,4
DA:30,4
DA:31,26
DA:32,26
DA:33,26
DA:34,26
DA:37,4
DA:39,4
DA:40,2
DA:41,2
DA:49,2
DA:50,1
DA:52,1
DA:55,1
DA:56,1
DA:59,1
DA:63,4
DA:64,2
DA:68,4
LF:20
LH:20
BRDA:49,0,0,1
BRDA:49,0,1,1
BRF:2
BRH:2
end_of_record
TN:
SF:src\SharedContext.js
FNF:0
FNH:0
DA:3,2
LF:1
LH:1
BRF:0
BRH:0
end_of_record
TN:
SF:src\__tests__\common.js
FN:15,getClickable
FN:25,getManyVisible
FN:29,(anonymous_2)
FN:47,getNotVisible
FN:54,getOnlyVisible
FN:61,getAnyVisible
FN:67,setWidth
FN:69,(anonymous_7)
FN:74,setNarrow
FN:78,setWide
FNF:10
FNH:10
FNDA:12,getClickable
FNDA:10,getManyVisible
FNDA:14,(anonymous_2)
FNDA:2,getNotVisible
FNDA:6,getOnlyVisible
FNDA:2,getAnyVisible
FNDA:2,setWidth
FNDA:2,(anonymous_7)
FNDA:1,setNarrow
FNDA:1,setWide
DA:16,12
DA:26,10
DA:27,10
DA:28,10
DA:29,10
DA:30,14
DA:31,14
DA:32,10
DA:33,10
DA:35,14
DA:37,10
DA:38,8
DA:40,2
DA:42,10
DA:48,2
DA:55,6
DA:62,2
DA:68,2
DA:69,2
DA:70,2
DA:75,1
DA:79,1
LF:22
LH:22
BRDA:33,0,0,2
BRDA:33,0,1,8
BRDA:37,1,0,8
BRDA:37,1,1,2
BRDA:42,2,0,8
BRDA:42,2,1,2
BRDA:42,3,0,10
BRDA:42,3,1,4
BRF:8
BRH:8
end_of_record
