{"C:\\Users\\Gregory Santosa\\Desktop\\Fall2022HW\\personal\\cse186\\Assignment8\\backend\\src\\app.js": {"path":"C:\\Users\\Gregory Santosa\\Desktop\\Fall2022HW\\personal\\cse186\\Assignment8\\backend\\src\\app.js","statementMap":{"0":{"start":{"line":1,"column":16},"end":{"line":1,"column":34}},"1":{"start":{"line":2,"column":13},"end":{"line":2,"column":28}},"2":{"start":{"line":3,"column":13},"end":{"line":3,"column":31}},"3":{"start":{"line":4,"column":18},"end":{"line":4,"column":47}},"4":{"start":{"line":5,"column":11},"end":{"line":5,"column":24}},"5":{"start":{"line":6,"column":13},"end":{"line":6,"column":28}},"6":{"start":{"line":7,"column":25},"end":{"line":7,"column":61}},"7":{"start":{"line":9,"column":13},"end":{"line":9,"column":30}},"8":{"start":{"line":10,"column":13},"end":{"line":10,"column":30}},"9":{"start":{"line":12,"column":12},"end":{"line":12,"column":21}},"10":{"start":{"line":13,"column":0},"end":{"line":13,"column":16}},"11":{"start":{"line":14,"column":0},"end":{"line":14,"column":24}},"12":{"start":{"line":15,"column":0},"end":{"line":15,"column":47}},"13":{"start":{"line":17,"column":16},"end":{"line":17,"column":59}},"14":{"start":{"line":19,"column":15},"end":{"line":19,"column":58}},"15":{"start":{"line":20,"column":0},"end":{"line":20,"column":66}},"16":{"start":{"line":22,"column":0},"end":{"line":28,"column":2}},"17":{"start":{"line":30,"column":0},"end":{"line":30,"column":34}},"18":{"start":{"line":31,"column":0},"end":{"line":31,"column":52}},"19":{"start":{"line":35,"column":0},"end":{"line":41,"column":3}},"20":{"start":{"line":36,"column":2},"end":{"line":40,"column":5}},"21":{"start":{"line":43,"column":0},"end":{"line":43,"column":21}}},"fnMap":{"0":{"name":"(anonymous_0)","decl":{"start":{"line":35,"column":8},"end":{"line":35,"column":9}},"loc":{"start":{"line":35,"column":33},"end":{"line":41,"column":1}},"line":35}},"branchMap":{},"s":{"0":1,"1":1,"2":1,"3":1,"4":1,"5":1,"6":1,"7":1,"8":1,"9":1,"10":1,"11":1,"12":1,"13":1,"14":1,"15":1,"16":1,"17":1,"18":1,"19":1,"20":4,"21":1},"f":{"0":4},"b":{},"_coverageSchema":"1a1c01bbd47fc00a2c39e90264f33305004495a9","hash":"55549f1f8a8df09f6df453dc14090b1d16dbdc26"}
,"C:\\Users\\Gregory Santosa\\Desktop\\Fall2022HW\\personal\\cse186\\Assignment8\\backend\\src\\auth.js": {"path":"C:\\Users\\Gregory Santosa\\Desktop\\Fall2022HW\\personal\\cse186\\Assignment8\\backend\\src\\auth.js","statementMap":{"0":{"start":{"line":12,"column":12},"end":{"line":12,"column":35}},"1":{"start":{"line":13,"column":15},"end":{"line":13,"column":32}},"2":{"start":{"line":15,"column":16},"end":{"line":19,"column":1}},"3":{"start":{"line":20,"column":11},"end":{"line":20,"column":26}},"4":{"start":{"line":23,"column":0},"end":{"line":45,"column":2}},"5":{"start":{"line":25,"column":28},"end":{"line":25,"column":36}},"6":{"start":{"line":28,"column":13},"end":{"line":28,"column":37}},"7":{"start":{"line":29,"column":2},"end":{"line":31,"column":3}},"8":{"start":{"line":30,"column":4},"end":{"line":30,"column":16}},"9":{"start":{"line":34,"column":2},"end":{"line":44,"column":3}},"10":{"start":{"line":35,"column":24},"end":{"line":40,"column":8}},"11":{"start":{"line":41,"column":4},"end":{"line":41,"column":70}},"12":{"start":{"line":43,"column":4},"end":{"line":43,"column":48}},"13":{"start":{"line":47,"column":0},"end":{"line":57,"column":2}},"14":{"start":{"line":48,"column":21},"end":{"line":48,"column":46}},"15":{"start":{"line":49,"column":16},"end":{"line":49,"column":40}},"16":{"start":{"line":50,"column":2},"end":{"line":56,"column":5}},"17":{"start":{"line":51,"column":4},"end":{"line":53,"column":5}},"18":{"start":{"line":52,"column":6},"end":{"line":52,"column":33}},"19":{"start":{"line":54,"column":4},"end":{"line":54,"column":20}},"20":{"start":{"line":55,"column":4},"end":{"line":55,"column":11}}},"fnMap":{"0":{"name":"(anonymous_0)","decl":{"start":{"line":23,"column":16},"end":{"line":23,"column":17}},"loc":{"start":{"line":23,"column":36},"end":{"line":45,"column":1}},"line":23},"1":{"name":"(anonymous_1)","decl":{"start":{"line":47,"column":16},"end":{"line":47,"column":17}},"loc":{"start":{"line":47,"column":36},"end":{"line":57,"column":1}},"line":47},"2":{"name":"(anonymous_2)","decl":{"start":{"line":50,"column":41},"end":{"line":50,"column":42}},"loc":{"start":{"line":50,"column":56},"end":{"line":56,"column":3}},"line":50}},"branchMap":{"0":{"loc":{"start":{"line":29,"column":2},"end":{"line":31,"column":3}},"type":"if","locations":[{"start":{"line":29,"column":2},"end":{"line":31,"column":3}},{"start":{},"end":{}}],"line":29},"1":{"loc":{"start":{"line":29,"column":6},"end":{"line":29,"column":66}},"type":"binary-expr","locations":[{"start":{"line":29,"column":6},"end":{"line":29,"column":10}},{"start":{"line":29,"column":14},"end":{"line":29,"column":66}}],"line":29},"2":{"loc":{"start":{"line":34,"column":2},"end":{"line":44,"column":3}},"type":"if","locations":[{"start":{"line":34,"column":2},"end":{"line":44,"column":3}},{"start":{"line":42,"column":9},"end":{"line":44,"column":3}}],"line":34},"3":{"loc":{"start":{"line":51,"column":4},"end":{"line":53,"column":5}},"type":"if","locations":[{"start":{"line":51,"column":4},"end":{"line":53,"column":5}},{"start":{},"end":{}}],"line":51}},"s":{"0":1,"1":1,"2":1,"3":1,"4":1,"5":6,"6":6,"7":6,"8":1,"9":6,"10":4,"11":4,"12":2,"13":1,"14":4,"15":4,"16":4,"17":4,"18":1,"19":3,"20":3},"f":{"0":6,"1":4,"2":4},"b":{"0":[1,5],"1":[6,5],"2":[4,2],"3":[1,3]},"_coverageSchema":"1a1c01bbd47fc00a2c39e90264f33305004495a9","hash":"1800bd541e8f9e0a8cacd1e5ac4c6bc191b2a089"}
,"C:\\Users\\Gregory Santosa\\Desktop\\Fall2022HW\\personal\\cse186\\Assignment8\\backend\\src\\db.js": {"path":"C:\\Users\\Gregory Santosa\\Desktop\\Fall2022HW\\personal\\cse186\\Assignment8\\backend\\src\\db.js","statementMap":{"0":{"start":{"line":1,"column":15},"end":{"line":1,"column":28}},"1":{"start":{"line":3,"column":13},"end":{"line":9,"column":2}},"2":{"start":{"line":11,"column":0},"end":{"line":19,"column":2}},"3":{"start":{"line":12,"column":17},"end":{"line":12,"column":63}},"4":{"start":{"line":13,"column":16},"end":{"line":16,"column":3}},"5":{"start":{"line":17,"column":17},"end":{"line":17,"column":40}},"6":{"start":{"line":18,"column":2},"end":{"line":18,"column":48}},"7":{"start":{"line":22,"column":0},"end":{"line":33,"column":2}},"8":{"start":{"line":23,"column":17},"end":{"line":23,"column":37}},"9":{"start":{"line":24,"column":16},"end":{"line":26,"column":3}},"10":{"start":{"line":27,"column":17},"end":{"line":27,"column":40}},"11":{"start":{"line":28,"column":16},"end":{"line":28,"column":18}},"12":{"start":{"line":29,"column":2},"end":{"line":31,"column":3}},"13":{"start":{"line":30,"column":4},"end":{"line":30,"column":20}},"14":{"start":{"line":32,"column":2},"end":{"line":32,"column":15}},"15":{"start":{"line":34,"column":0},"end":{"line":34,"column":66}}},"fnMap":{"0":{"name":"(anonymous_0)","decl":{"start":{"line":11,"column":19},"end":{"line":11,"column":20}},"loc":{"start":{"line":11,"column":35},"end":{"line":19,"column":1}},"line":11},"1":{"name":"(anonymous_1)","decl":{"start":{"line":22,"column":24},"end":{"line":22,"column":25}},"loc":{"start":{"line":22,"column":36},"end":{"line":33,"column":1}},"line":22}},"branchMap":{"0":{"loc":{"start":{"line":18,"column":9},"end":{"line":18,"column":47}},"type":"cond-expr","locations":[{"start":{"line":18,"column":28},"end":{"line":18,"column":35}},{"start":{"line":18,"column":38},"end":{"line":18,"column":47}}],"line":18}},"s":{"0":1,"1":1,"2":1,"3":6,"4":6,"5":6,"6":6,"7":1,"8":3,"9":3,"10":3,"11":3,"12":3,"13":105,"14":3,"15":1},"f":{"0":6,"1":3},"b":{"0":[5,1]},"_coverageSchema":"1a1c01bbd47fc00a2c39e90264f33305004495a9","hash":"844c77bf7c8abb8b8c83bd546fe2e56f73dfb9fa"}
,"C:\\Users\\Gregory Santosa\\Desktop\\Fall2022HW\\personal\\cse186\\Assignment8\\backend\\src\\mail.js": {"path":"C:\\Users\\Gregory Santosa\\Desktop\\Fall2022HW\\personal\\cse186\\Assignment8\\backend\\src\\mail.js","statementMap":{"0":{"start":{"line":12,"column":11},"end":{"line":12,"column":26}},"1":{"start":{"line":14,"column":0},"end":{"line":39,"column":2}},"2":{"start":{"line":15,"column":18},"end":{"line":15,"column":35}},"3":{"start":{"line":16,"column":18},"end":{"line":16,"column":42}},"4":{"start":{"line":17,"column":18},"end":{"line":17,"column":20}},"5":{"start":{"line":18,"column":2},"end":{"line":24,"column":3}},"6":{"start":{"line":19,"column":4},"end":{"line":23,"column":5}},"7":{"start":{"line":20,"column":6},"end":{"line":20,"column":37}},"8":{"start":{"line":21,"column":6},"end":{"line":21,"column":44}},"9":{"start":{"line":22,"column":6},"end":{"line":22,"column":31}},"10":{"start":{"line":25,"column":2},"end":{"line":33,"column":3}},"11":{"start":{"line":26,"column":4},"end":{"line":32,"column":5}},"12":{"start":{"line":27,"column":6},"end":{"line":31,"column":7}},"13":{"start":{"line":28,"column":21},"end":{"line":28,"column":31}},"14":{"start":{"line":29,"column":8},"end":{"line":29,"column":34}},"15":{"start":{"line":30,"column":8},"end":{"line":30,"column":28}},"16":{"start":{"line":34,"column":2},"end":{"line":38,"column":3}},"17":{"start":{"line":35,"column":4},"end":{"line":35,"column":34}},"18":{"start":{"line":37,"column":4},"end":{"line":37,"column":34}}},"fnMap":{"0":{"name":"(anonymous_0)","decl":{"start":{"line":14,"column":21},"end":{"line":14,"column":22}},"loc":{"start":{"line":14,"column":41},"end":{"line":39,"column":1}},"line":14}},"branchMap":{"0":{"loc":{"start":{"line":19,"column":4},"end":{"line":23,"column":5}},"type":"if","locations":[{"start":{"line":19,"column":4},"end":{"line":23,"column":5}},{"start":{},"end":{}}],"line":19},"1":{"loc":{"start":{"line":27,"column":6},"end":{"line":31,"column":7}},"type":"if","locations":[{"start":{"line":27,"column":6},"end":{"line":31,"column":7}},{"start":{},"end":{}}],"line":27},"2":{"loc":{"start":{"line":34,"column":2},"end":{"line":38,"column":3}},"type":"if","locations":[{"start":{"line":34,"column":2},"end":{"line":38,"column":3}},{"start":{"line":36,"column":9},"end":{"line":38,"column":3}}],"line":34}},"s":{"0":1,"1":1,"2":3,"3":3,"4":3,"5":3,"6":105,"7":26,"8":26,"9":26,"10":3,"11":24,"12":172,"13":45,"14":45,"15":45,"16":3,"17":2,"18":1},"f":{"0":3},"b":{"0":[26,79],"1":[45,127],"2":[2,1]},"_coverageSchema":"1a1c01bbd47fc00a2c39e90264f33305004495a9","hash":"f482f93012d79b62e42f87b5411bf0c9ac8bf1cd"}
,"C:\\Users\\Gregory Santosa\\Desktop\\Fall2022HW\\personal\\cse186\\Assignment8\\backend\\src\\__tests__\\db.js": {"path":"C:\\Users\\Gregory Santosa\\Desktop\\Fall2022HW\\personal\\cse186\\Assignment8\\backend\\src\\__tests__\\db.js","statementMap":{"0":{"start":{"line":5,"column":11},"end":{"line":5,"column":24}},"1":{"start":{"line":6,"column":15},"end":{"line":6,"column":28}},"2":{"start":{"line":8,"column":0},"end":{"line":8,"column":27}},"3":{"start":{"line":9,"column":0},"end":{"line":9,"column":31}},"4":{"start":{"line":11,"column":13},"end":{"line":17,"column":2}},"5":{"start":{"line":19,"column":12},"end":{"line":25,"column":1}},"6":{"start":{"line":20,"column":18},"end":{"line":20,"column":47}},"7":{"start":{"line":21,"column":21},"end":{"line":21,"column":43}},"8":{"start":{"line":22,"column":2},"end":{"line":24,"column":3}},"9":{"start":{"line":23,"column":4},"end":{"line":23,"column":32}},"10":{"start":{"line":27,"column":0},"end":{"line":31,"column":2}},"11":{"start":{"line":28,"column":2},"end":{"line":28,"column":30}},"12":{"start":{"line":29,"column":2},"end":{"line":29,"column":28}},"13":{"start":{"line":30,"column":2},"end":{"line":30,"column":31}},"14":{"start":{"line":33,"column":0},"end":{"line":37,"column":2}},"15":{"start":{"line":34,"column":2},"end":{"line":36,"column":5}}},"fnMap":{"0":{"name":"(anonymous_0)","decl":{"start":{"line":19,"column":12},"end":{"line":19,"column":13}},"loc":{"start":{"line":19,"column":28},"end":{"line":25,"column":1}},"line":19},"1":{"name":"(anonymous_1)","decl":{"start":{"line":27,"column":16},"end":{"line":27,"column":17}},"loc":{"start":{"line":27,"column":28},"end":{"line":31,"column":1}},"line":27},"2":{"name":"(anonymous_2)","decl":{"start":{"line":33,"column":19},"end":{"line":33,"column":20}},"loc":{"start":{"line":33,"column":25},"end":{"line":37,"column":1}},"line":33},"3":{"name":"(anonymous_3)","decl":{"start":{"line":34,"column":11},"end":{"line":34,"column":12}},"loc":{"start":{"line":34,"column":17},"end":{"line":36,"column":3}},"line":34}},"branchMap":{},"s":{"0":1,"1":1,"2":1,"3":1,"4":1,"5":1,"6":3,"7":3,"8":3,"9":71,"10":1,"11":1,"12":1,"13":1,"14":1,"15":1},"f":{"0":3,"1":1,"2":1,"3":1},"b":{},"_coverageSchema":"1a1c01bbd47fc00a2c39e90264f33305004495a9","hash":"17edbda6d9fa8b580fd5062956a992142662ba6b"}
}
