TN:
SF:src\app.js
FN:35,(anonymous_0)
FNF:1
FNH:1
FNDA:4,(anonymous_0)
DA:1,1
DA:2,1
DA:3,1
DA:4,1
DA:5,1
DA:6,1
DA:7,1
DA:9,1
DA:10,1
DA:12,1
DA:13,1
DA:14,1
DA:15,1
DA:17,1
DA:19,1
DA:20,1
DA:22,1
DA:30,1
DA:31,1
DA:35,1
DA:36,4
DA:43,1
LF:22
LH:22
BRF:0
BRH:0
end_of_record
TN:
SF:src\auth.js
FN:23,(anonymous_0)
FN:47,(anonymous_1)
FN:50,(anonymous_2)
FNF:3
FNH:3
FNDA:6,(anonymous_0)
FNDA:4,(anonymous_1)
FNDA:4,(anonymous_2)
DA:12,1
DA:13,1
DA:15,1
DA:20,1
DA:23,1
DA:25,6
DA:28,6
DA:29,6
DA:30,1
DA:34,6
DA:35,4
DA:41,4
DA:43,2
DA:47,1
DA:48,4
DA:49,4
DA:50,4
DA:51,4
DA:52,1
DA:54,3
DA:55,3
LF:21
LH:21
BRDA:29,0,0,1
BRDA:29,0,1,5
BRDA:29,1,0,6
BRDA:29,1,1,5
BRDA:34,2,0,4
BRDA:34,2,1,2
BRDA:51,3,0,1
BRDA:51,3,1,3
BRF:8
BRH:8
end_of_record
TN:
SF:src\db.js
FN:11,(anonymous_0)
FN:22,(anonymous_1)
FNF:2
FNH:2
FNDA:6,(anonymous_0)
FNDA:3,(anonymous_1)
DA:1,1
DA:3,1
DA:11,1
DA:12,6
DA:13,6
DA:17,6
DA:18,6
DA:22,1
DA:23,3
DA:24,3
DA:27,3
DA:28,3
DA:29,3
DA:30,105
DA:32,3
DA:34,1
LF:16
LH:16
BRDA:18,0,0,5
BRDA:18,0,1,1
BRF:2
BRH:2
end_of_record
TN:
SF:src\mail.js
FN:14,(anonymous_0)
FNF:1
FNH:1
FNDA:3,(anonymous_0)
DA:12,1
DA:14,1
DA:15,3
DA:16,3
DA:17,3
DA:18,3
DA:19,105
DA:20,26
DA:21,26
DA:22,26
DA:25,3
DA:26,24
DA:27,172
DA:28,45
DA:29,45
DA:30,45
DA:34,3
DA:35,2
DA:37,1
LF:19
LH:19
BRDA:19,0,0,26
BRDA:19,0,1,79
BRDA:27,1,0,45
BRDA:27,1,1,127
BRDA:34,2,0,2
BRDA:34,2,1,1
BRF:6
BRH:6
end_of_record
TN:
SF:src\__tests__\db.js
FN:19,(anonymous_0)
FN:27,(anonymous_1)
FN:33,(anonymous_2)
FN:34,(anonymous_3)
FNF:4
FNH:4
FNDA:3,(anonymous_0)
FNDA:1,(anonymous_1)
FNDA:1,(anonymous_2)
FNDA:1,(anonymous_3)
DA:5,1
DA:6,1
DA:8,1
DA:9,1
DA:11,1
DA:19,1
DA:20,3
DA:21,3
DA:22,3
DA:23,71
DA:27,1
DA:28,1
DA:29,1
DA:30,1
DA:33,1
DA:34,1
LF:16
LH:16
BRF:0
BRH:0
end_of_record
